{"@timestamp":"2025-10-08T18:08:44.169674+03:00","@version":"1","message":"Starting UserServiceAppApplication using Java 25 with PID 16024 (C:\\IdeaProjects\\VehicleRentProject\\customer-service\\user-service-app\\target\\classes started by Анастасия in C:\\IdeaProjects\\VehicleRentProject\\customer-service)","logger_name":"rent.vehicle.useerservice.app.UserServiceAppApplication","thread_name":"main","level":"INFO","level_value":20000}
{"@timestamp":"2025-10-08T18:08:44.178185+03:00","@version":"1","message":"No active profile set, falling back to 1 default profile: \"default\"","logger_name":"rent.vehicle.useerservice.app.UserServiceAppApplication","thread_name":"main","level":"INFO","level_value":20000}
{"@timestamp":"2025-10-08T18:08:44.9449165+03:00","@version":"1","message":"Bootstrapping Spring Data JPA repositories in DEFAULT mode.","logger_name":"org.springframework.data.repository.config.RepositoryConfigurationDelegate","thread_name":"main","level":"INFO","level_value":20000}
{"@timestamp":"2025-10-08T18:08:45.0023172+03:00","@version":"1","message":"Finished Spring Data repository scanning in 47 ms. Found 1 JPA repository interface.","logger_name":"org.springframework.data.repository.config.RepositoryConfigurationDelegate","thread_name":"main","level":"INFO","level_value":20000}
{"@timestamp":"2025-10-08T18:08:45.6639718+03:00","@version":"1","message":"Tomcat initialized with port 8080 (http)","logger_name":"org.springframework.boot.web.embedded.tomcat.TomcatWebServer","thread_name":"main","level":"INFO","level_value":20000}
{"@timestamp":"2025-10-08T18:08:45.6803861+03:00","@version":"1","message":"Starting service [Tomcat]","logger_name":"org.apache.catalina.core.StandardService","thread_name":"main","level":"INFO","level_value":20000}
{"@timestamp":"2025-10-08T18:08:45.6803861+03:00","@version":"1","message":"Starting Servlet engine: [Apache Tomcat/10.1.41]","logger_name":"org.apache.catalina.core.StandardEngine","thread_name":"main","level":"INFO","level_value":20000}
{"@timestamp":"2025-10-08T18:08:45.7373732+03:00","@version":"1","message":"Initializing Spring embedded WebApplicationContext","logger_name":"org.apache.catalina.core.ContainerBase.[Tomcat].[localhost].[/]","thread_name":"main","level":"INFO","level_value":20000}
{"@timestamp":"2025-10-08T18:08:45.7383727+03:00","@version":"1","message":"Root WebApplicationContext: initialization completed in 1501 ms","logger_name":"org.springframework.boot.web.servlet.context.ServletWebServerApplicationContext","thread_name":"main","level":"INFO","level_value":20000}
{"@timestamp":"2025-10-08T18:08:45.8595473+03:00","@version":"1","message":"Class org.postgresql.Driver found in Thread context class loader jdk.internal.loader.ClassLoaders$AppClassLoader@764c12b6","logger_name":"com.zaxxer.hikari.HikariConfig","thread_name":"main","level":"DEBUG","level_value":10000}
{"@timestamp":"2025-10-08T18:08:45.9916001+03:00","@version":"1","message":"HHH000204: Processing PersistenceUnitInfo [name: default]","logger_name":"org.hibernate.jpa.internal.util.LogHelper","thread_name":"main","level":"INFO","level_value":20000}
{"@timestamp":"2025-10-08T18:08:46.0661489+03:00","@version":"1","message":"HHH000412: Hibernate ORM core version 6.6.15.Final","logger_name":"org.hibernate.Version","thread_name":"main","level":"INFO","level_value":20000}
{"@timestamp":"2025-10-08T18:08:46.0974842+03:00","@version":"1","message":"HHH000026: Second-level cache disabled","logger_name":"org.hibernate.cache.internal.RegionFactoryInitiator","thread_name":"main","level":"INFO","level_value":20000}
{"@timestamp":"2025-10-08T18:08:46.3743301+03:00","@version":"1","message":"No LoadTimeWeaver setup: ignoring JPA class transformer","logger_name":"org.springframework.orm.jpa.persistenceunit.SpringPersistenceUnitInfo","thread_name":"main","level":"INFO","level_value":20000}
{"@timestamp":"2025-10-08T18:08:46.4016589+03:00","@version":"1","message":"HikariPool-1 - configuration:","logger_name":"com.zaxxer.hikari.HikariConfig","thread_name":"main","level":"DEBUG","level_value":10000}
{"@timestamp":"2025-10-08T18:08:46.403672+03:00","@version":"1","message":"allowPoolSuspension.............false","logger_name":"com.zaxxer.hikari.HikariConfig","thread_name":"main","level":"DEBUG","level_value":10000}
{"@timestamp":"2025-10-08T18:08:46.403672+03:00","@version":"1","message":"autoCommit......................true","logger_name":"com.zaxxer.hikari.HikariConfig","thread_name":"main","level":"DEBUG","level_value":10000}
{"@timestamp":"2025-10-08T18:08:46.403672+03:00","@version":"1","message":"catalog.........................none","logger_name":"com.zaxxer.hikari.HikariConfig","thread_name":"main","level":"DEBUG","level_value":10000}
{"@timestamp":"2025-10-08T18:08:46.403672+03:00","@version":"1","message":"connectionInitSql...............none","logger_name":"com.zaxxer.hikari.HikariConfig","thread_name":"main","level":"DEBUG","level_value":10000}
{"@timestamp":"2025-10-08T18:08:46.403672+03:00","@version":"1","message":"connectionTestQuery.............none","logger_name":"com.zaxxer.hikari.HikariConfig","thread_name":"main","level":"DEBUG","level_value":10000}
{"@timestamp":"2025-10-08T18:08:46.4051808+03:00","@version":"1","message":"connectionTimeout...............30000","logger_name":"com.zaxxer.hikari.HikariConfig","thread_name":"main","level":"DEBUG","level_value":10000}
{"@timestamp":"2025-10-08T18:08:46.4051808+03:00","@version":"1","message":"credentials.....................com.zaxxer.hikari.util.Credentials@2d3b0978","logger_name":"com.zaxxer.hikari.HikariConfig","thread_name":"main","level":"DEBUG","level_value":10000}
{"@timestamp":"2025-10-08T18:08:46.4051808+03:00","@version":"1","message":"dataSource......................none","logger_name":"com.zaxxer.hikari.HikariConfig","thread_name":"main","level":"DEBUG","level_value":10000}
{"@timestamp":"2025-10-08T18:08:46.4051808+03:00","@version":"1","message":"dataSourceClassName.............none","logger_name":"com.zaxxer.hikari.HikariConfig","thread_name":"main","level":"DEBUG","level_value":10000}
{"@timestamp":"2025-10-08T18:08:46.4051808+03:00","@version":"1","message":"dataSourceJNDI..................none","logger_name":"com.zaxxer.hikari.HikariConfig","thread_name":"main","level":"DEBUG","level_value":10000}
{"@timestamp":"2025-10-08T18:08:46.4064905+03:00","@version":"1","message":"dataSourceProperties............{password=<masked>}","logger_name":"com.zaxxer.hikari.HikariConfig","thread_name":"main","level":"DEBUG","level_value":10000}
{"@timestamp":"2025-10-08T18:08:46.4064905+03:00","@version":"1","message":"driverClassName.................\"org.postgresql.Driver\"","logger_name":"com.zaxxer.hikari.HikariConfig","thread_name":"main","level":"DEBUG","level_value":10000}
{"@timestamp":"2025-10-08T18:08:46.4064905+03:00","@version":"1","message":"exceptionOverride...............none","logger_name":"com.zaxxer.hikari.HikariConfig","thread_name":"main","level":"DEBUG","level_value":10000}
{"@timestamp":"2025-10-08T18:08:46.4064905+03:00","@version":"1","message":"exceptionOverrideClassName......none","logger_name":"com.zaxxer.hikari.HikariConfig","thread_name":"main","level":"DEBUG","level_value":10000}
{"@timestamp":"2025-10-08T18:08:46.4074935+03:00","@version":"1","message":"healthCheckProperties...........{}","logger_name":"com.zaxxer.hikari.HikariConfig","thread_name":"main","level":"DEBUG","level_value":10000}
{"@timestamp":"2025-10-08T18:08:46.4074935+03:00","@version":"1","message":"healthCheckRegistry.............none","logger_name":"com.zaxxer.hikari.HikariConfig","thread_name":"main","level":"DEBUG","level_value":10000}
{"@timestamp":"2025-10-08T18:08:46.4074935+03:00","@version":"1","message":"idleTimeout.....................300000","logger_name":"com.zaxxer.hikari.HikariConfig","thread_name":"main","level":"DEBUG","level_value":10000}
{"@timestamp":"2025-10-08T18:08:46.4074935+03:00","@version":"1","message":"initializationFailTimeout.......1","logger_name":"com.zaxxer.hikari.HikariConfig","thread_name":"main","level":"DEBUG","level_value":10000}
{"@timestamp":"2025-10-08T18:08:46.4074935+03:00","@version":"1","message":"isolateInternalQueries..........false","logger_name":"com.zaxxer.hikari.HikariConfig","thread_name":"main","level":"DEBUG","level_value":10000}
{"@timestamp":"2025-10-08T18:08:46.4074935+03:00","@version":"1","message":"jdbcUrl.........................jdbc:postgresql://pg-302f2abd-java57ivanproject.d.aivencloud.com:15889/defaultdb?sslmode=require","logger_name":"com.zaxxer.hikari.HikariConfig","thread_name":"main","level":"DEBUG","level_value":10000}
{"@timestamp":"2025-10-08T18:08:46.4074935+03:00","@version":"1","message":"keepaliveTime...................120000","logger_name":"com.zaxxer.hikari.HikariConfig","thread_name":"main","level":"DEBUG","level_value":10000}
{"@timestamp":"2025-10-08T18:08:46.4086256+03:00","@version":"1","message":"leakDetectionThreshold..........5000","logger_name":"com.zaxxer.hikari.HikariConfig","thread_name":"main","level":"DEBUG","level_value":10000}
{"@timestamp":"2025-10-08T18:08:46.4086256+03:00","@version":"1","message":"maxLifetime.....................900000","logger_name":"com.zaxxer.hikari.HikariConfig","thread_name":"main","level":"DEBUG","level_value":10000}
{"@timestamp":"2025-10-08T18:08:46.4086256+03:00","@version":"1","message":"maximumPoolSize.................5","logger_name":"com.zaxxer.hikari.HikariConfig","thread_name":"main","level":"DEBUG","level_value":10000}
{"@timestamp":"2025-10-08T18:08:46.4086256+03:00","@version":"1","message":"metricRegistry..................none","logger_name":"com.zaxxer.hikari.HikariConfig","thread_name":"main","level":"DEBUG","level_value":10000}
{"@timestamp":"2025-10-08T18:08:46.4086256+03:00","@version":"1","message":"metricsTrackerFactory...........none","logger_name":"com.zaxxer.hikari.HikariConfig","thread_name":"main","level":"DEBUG","level_value":10000}
{"@timestamp":"2025-10-08T18:08:46.4086256+03:00","@version":"1","message":"minimumIdle.....................1","logger_name":"com.zaxxer.hikari.HikariConfig","thread_name":"main","level":"DEBUG","level_value":10000}
{"@timestamp":"2025-10-08T18:08:46.4086256+03:00","@version":"1","message":"password........................<masked>","logger_name":"com.zaxxer.hikari.HikariConfig","thread_name":"main","level":"DEBUG","level_value":10000}
{"@timestamp":"2025-10-08T18:08:46.4086256+03:00","@version":"1","message":"poolName........................\"HikariPool-1\"","logger_name":"com.zaxxer.hikari.HikariConfig","thread_name":"main","level":"DEBUG","level_value":10000}
{"@timestamp":"2025-10-08T18:08:46.4086256+03:00","@version":"1","message":"readOnly........................false","logger_name":"com.zaxxer.hikari.HikariConfig","thread_name":"main","level":"DEBUG","level_value":10000}
{"@timestamp":"2025-10-08T18:08:46.4086256+03:00","@version":"1","message":"registerMbeans..................false","logger_name":"com.zaxxer.hikari.HikariConfig","thread_name":"main","level":"DEBUG","level_value":10000}
{"@timestamp":"2025-10-08T18:08:46.4099653+03:00","@version":"1","message":"scheduledExecutor...............none","logger_name":"com.zaxxer.hikari.HikariConfig","thread_name":"main","level":"DEBUG","level_value":10000}
{"@timestamp":"2025-10-08T18:08:46.4099653+03:00","@version":"1","message":"schema..........................none","logger_name":"com.zaxxer.hikari.HikariConfig","thread_name":"main","level":"DEBUG","level_value":10000}
{"@timestamp":"2025-10-08T18:08:46.4099653+03:00","@version":"1","message":"threadFactory...................internal","logger_name":"com.zaxxer.hikari.HikariConfig","thread_name":"main","level":"DEBUG","level_value":10000}
{"@timestamp":"2025-10-08T18:08:46.4099653+03:00","@version":"1","message":"transactionIsolation............default","logger_name":"com.zaxxer.hikari.HikariConfig","thread_name":"main","level":"DEBUG","level_value":10000}
{"@timestamp":"2025-10-08T18:08:46.4104704+03:00","@version":"1","message":"username........................\"avnadmin\"","logger_name":"com.zaxxer.hikari.HikariConfig","thread_name":"main","level":"DEBUG","level_value":10000}
{"@timestamp":"2025-10-08T18:08:46.4104704+03:00","@version":"1","message":"validationTimeout...............5000","logger_name":"com.zaxxer.hikari.HikariConfig","thread_name":"main","level":"DEBUG","level_value":10000}
{"@timestamp":"2025-10-08T18:08:46.4104704+03:00","@version":"1","message":"HikariPool-1 - Starting...","logger_name":"com.zaxxer.hikari.HikariDataSource","thread_name":"main","level":"INFO","level_value":20000}
{"@timestamp":"2025-10-08T18:08:46.4204737+03:00","@version":"1","message":"HikariPool-1 - Attempting to create/setup new connection (8dee9464-889b-4528-8fb5-4201434defb9)","logger_name":"com.zaxxer.hikari.pool.PoolBase","thread_name":"main","level":"DEBUG","level_value":10000}
{"@timestamp":"2025-10-08T18:08:47.5527264+03:00","@version":"1","message":"HikariPool-1 - Established new connection (8dee9464-889b-4528-8fb5-4201434defb9)","logger_name":"com.zaxxer.hikari.pool.PoolBase","thread_name":"main","level":"DEBUG","level_value":10000}
{"@timestamp":"2025-10-08T18:08:47.5536935+03:00","@version":"1","message":"HikariPool-1 - Added connection org.postgresql.jdbc.PgConnection@3292eff7","logger_name":"com.zaxxer.hikari.pool.HikariPool","thread_name":"main","level":"INFO","level_value":20000}
{"@timestamp":"2025-10-08T18:08:47.5536935+03:00","@version":"1","message":"HikariPool-1 - Start completed.","logger_name":"com.zaxxer.hikari.HikariDataSource","thread_name":"main","level":"INFO","level_value":20000}
{"@timestamp":"2025-10-08T18:08:47.6553886+03:00","@version":"1","message":"HikariPool-1 - Before cleanup stats (total=1/5, idle=0/1, active=1, waiting=0)","logger_name":"com.zaxxer.hikari.pool.HikariPool","thread_name":"HikariPool-1:housekeeper","level":"DEBUG","level_value":10000}
{"@timestamp":"2025-10-08T18:08:47.6553886+03:00","@version":"1","message":"HikariPool-1 - After  cleanup stats (total=1/5, idle=0/1, active=1, waiting=0)","logger_name":"com.zaxxer.hikari.pool.HikariPool","thread_name":"HikariPool-1:housekeeper","level":"DEBUG","level_value":10000}
{"@timestamp":"2025-10-08T18:08:47.6566771+03:00","@version":"1","message":"HikariPool-1 - Attempting to create/setup new connection (e3d67372-12ca-4a65-aeae-eb31382097e2)","logger_name":"com.zaxxer.hikari.pool.PoolBase","thread_name":"HikariPool-1:connection-adder","level":"DEBUG","level_value":10000}
{"@timestamp":"2025-10-08T18:08:47.6662062+03:00","@version":"1","message":"HHH90000025: PostgreSQLDialect does not need to be specified explicitly using 'hibernate.dialect' (remove the property setting and it will be selected by default)","logger_name":"org.hibernate.orm.deprecation","thread_name":"main","level":"WARN","level_value":30000}
{"@timestamp":"2025-10-08T18:08:47.8281214+03:00","@version":"1","message":"HHH10001005: Database info:\n\tDatabase JDBC URL [Connecting through datasource 'HikariDataSource (HikariPool-1)']\n\tDatabase driver: undefined/unknown\n\tDatabase version: 16.10\n\tAutocommit mode: undefined/unknown\n\tIsolation level: undefined/unknown\n\tMinimum pool size: undefined/unknown\n\tMaximum pool size: undefined/unknown","logger_name":"org.hibernate.orm.connections.pooling","thread_name":"main","level":"INFO","level_value":20000}
{"@timestamp":"2025-10-08T18:08:48.4533696+03:00","@version":"1","message":"HikariPool-1 - Established new connection (e3d67372-12ca-4a65-aeae-eb31382097e2)","logger_name":"com.zaxxer.hikari.pool.PoolBase","thread_name":"HikariPool-1:connection-adder","level":"DEBUG","level_value":10000}
{"@timestamp":"2025-10-08T18:08:48.4543674+03:00","@version":"1","message":"HikariPool-1 - Added connection org.postgresql.jdbc.PgConnection@712f55fd","logger_name":"com.zaxxer.hikari.pool.HikariPool","thread_name":"HikariPool-1:connection-adder","level":"DEBUG","level_value":10000}
{"@timestamp":"2025-10-08T18:08:48.4865245+03:00","@version":"1","message":"HikariPool-1 - After adding stats (total=2/5, idle=2/1, active=0, waiting=0)","logger_name":"com.zaxxer.hikari.pool.HikariPool","thread_name":"HikariPool-1:connection-adder","level":"DEBUG","level_value":10000}
{"@timestamp":"2025-10-08T18:08:48.640798+03:00","@version":"1","message":"HHH000489: No JTA platform available (set 'hibernate.transaction.jta.platform' to enable JTA platform integration)","logger_name":"org.hibernate.engine.transaction.jta.platform.internal.JtaPlatformInitiator","thread_name":"main","level":"INFO","level_value":20000}
{"@timestamp":"2025-10-08T18:08:49.2579869+03:00","@version":"1","message":"Initialized JPA EntityManagerFactory for persistence unit 'default'","logger_name":"org.springframework.orm.jpa.LocalContainerEntityManagerFactoryBean","thread_name":"main","level":"INFO","level_value":20000}
{"@timestamp":"2025-10-08T18:08:49.7949627+03:00","@version":"1","message":"spring.jpa.open-in-view is enabled by default. Therefore, database queries may be performed during view rendering. Explicitly configure spring.jpa.open-in-view to disable this warning","logger_name":"org.springframework.boot.autoconfigure.orm.jpa.JpaBaseConfiguration$JpaWebConfiguration","thread_name":"main","level":"WARN","level_value":30000}
{"@timestamp":"2025-10-08T18:08:50.4359808+03:00","@version":"1","message":"Tomcat started on port 8080 (http) with context path '/'","logger_name":"org.springframework.boot.web.embedded.tomcat.TomcatWebServer","thread_name":"main","level":"INFO","level_value":20000}
{"@timestamp":"2025-10-08T18:08:50.4455272+03:00","@version":"1","message":"Started UserServiceAppApplication in 7.368 seconds (process running for 8.368)","logger_name":"rent.vehicle.useerservice.app.UserServiceAppApplication","thread_name":"main","level":"INFO","level_value":20000}
{"@timestamp":"2025-10-08T18:08:57.822672+03:00","@version":"1","message":"Initializing Spring DispatcherServlet 'dispatcherServlet'","logger_name":"org.apache.catalina.core.ContainerBase.[Tomcat].[localhost].[/]","thread_name":"http-nio-8080-exec-3","level":"INFO","level_value":20000}
{"@timestamp":"2025-10-08T18:08:57.8236635+03:00","@version":"1","message":"Initializing Servlet 'dispatcherServlet'","logger_name":"org.springframework.web.servlet.DispatcherServlet","thread_name":"http-nio-8080-exec-3","level":"INFO","level_value":20000}
{"@timestamp":"2025-10-08T18:08:57.8236635+03:00","@version":"1","message":"Completed initialization in 0 ms","logger_name":"org.springframework.web.servlet.DispatcherServlet","thread_name":"http-nio-8080-exec-3","level":"INFO","level_value":20000}
{"@timestamp":"2025-10-08T18:08:57.9007761+03:00","@version":"1","message":"NEW REQUEST: IP: 0:0:0:0:0:0:0:1, URL: http://localhost:8080/api/v1/customer/7, HTTP_METHOD: GET, CONTROLLER_METHOD: rent.vehicle.useerservice.app.controller.CustomerController,getCustomer","logger_name":"rent.vehicle.useerservice.app.aspect.LogginAspect","thread_name":"http-nio-8080-exec-3","level":"INFO","level_value":20000}
{"@timestamp":"2025-10-08T18:08:57.9107922+03:00","@version":"1","message":"RUN SERVICE: SERVICE_METHOD: rent.vehicle.useerservice.app.service.CustomerServiceImpl,getCustomer\nMETHOD_ARGS: [[7]]","logger_name":"rent.vehicle.useerservice.app.aspect.LogginAspect","thread_name":"http-nio-8080-exec-3","level":"INFO","level_value":20000}
{"@timestamp":"2025-10-08T18:08:58.3326271+03:00","@version":"1","message":"-- returned object = {\"id\":7,\"firstName\":\"Jane\",\"lastName\":\"Doe\",\"email\":\"j******e@example.com\",\"phoneNumber\":\"+12********8901\",\"birthDate\":\"1995-06-15\",\"licenseType\":\"B\",\"drivingLicenseNumber\":\"DL1***\",\"createdAt\":\"2025-09-22T12:36:46.208641Z\",\"updatedAt\":\"2025-09-22T13:02:49.199700Z\",\"status\":\"DELETED\"}","logger_name":"rent.vehicle.useerservice.app.aspect.LogginAspect","thread_name":"http-nio-8080-exec-3","level":"INFO","level_value":20000}
{"@timestamp":"2025-10-08T18:08:58.3331315+03:00","@version":"1","message":"EXECUTION METHOD: rent.vehicle.useerservice.app.controller.CustomerController,getCustomer\n EXECUTION TIME: 435","logger_name":"rent.vehicle.useerservice.app.aspect.LogginAspect","thread_name":"http-nio-8080-exec-3","level":"INFO","level_value":20000}
{"@timestamp":"2025-10-08T18:09:07.6472613+03:00","@version":"1","message":"Commencing graceful shutdown. Waiting for active requests to complete","logger_name":"org.springframework.boot.web.embedded.tomcat.GracefulShutdown","thread_name":"SpringApplicationShutdownHook","level":"INFO","level_value":20000}
{"@timestamp":"2025-10-08T18:09:07.6544038+03:00","@version":"1","message":"Graceful shutdown complete","logger_name":"org.springframework.boot.web.embedded.tomcat.GracefulShutdown","thread_name":"tomcat-shutdown","level":"INFO","level_value":20000}
{"@timestamp":"2025-10-08T18:09:07.6590431+03:00","@version":"1","message":"Closing JPA EntityManagerFactory for persistence unit 'default'","logger_name":"org.springframework.orm.jpa.LocalContainerEntityManagerFactoryBean","thread_name":"SpringApplicationShutdownHook","level":"INFO","level_value":20000}
{"@timestamp":"2025-10-08T18:09:07.6607725+03:00","@version":"1","message":"HikariPool-1 - Shutdown initiated...","logger_name":"com.zaxxer.hikari.HikariDataSource","thread_name":"SpringApplicationShutdownHook","level":"INFO","level_value":20000}
{"@timestamp":"2025-10-08T18:09:07.6618128+03:00","@version":"1","message":"HikariPool-1 - Before shutdown stats (total=2/5, idle=2/1, active=0, waiting=0)","logger_name":"com.zaxxer.hikari.pool.HikariPool","thread_name":"SpringApplicationShutdownHook","level":"DEBUG","level_value":10000}
{"@timestamp":"2025-10-08T18:09:07.6628832+03:00","@version":"1","message":"HikariPool-1 - Closing connection org.postgresql.jdbc.PgConnection@3292eff7: (connection evicted)","logger_name":"com.zaxxer.hikari.pool.PoolBase","thread_name":"HikariPool-1:connection-closer","level":"DEBUG","level_value":10000}
{"@timestamp":"2025-10-08T18:09:07.7372562+03:00","@version":"1","message":"HikariPool-1 - Closing connection org.postgresql.jdbc.PgConnection@712f55fd: (connection evicted)","logger_name":"com.zaxxer.hikari.pool.PoolBase","thread_name":"HikariPool-1:connection-closer","level":"DEBUG","level_value":10000}
{"@timestamp":"2025-10-08T18:09:07.8077561+03:00","@version":"1","message":"HikariPool-1 - After  shutdown stats (total=0/5, idle=0/1, active=0, waiting=0)","logger_name":"com.zaxxer.hikari.pool.HikariPool","thread_name":"SpringApplicationShutdownHook","level":"DEBUG","level_value":10000}
{"@timestamp":"2025-10-08T18:09:07.8087733+03:00","@version":"1","message":"HikariPool-1 - Shutdown completed.","logger_name":"com.zaxxer.hikari.HikariDataSource","thread_name":"SpringApplicationShutdownHook","level":"INFO","level_value":20000}
